[debug] [2022-08-04T12:43:06.817Z] ----------------------------------------------------------------------
[debug] [2022-08-04T12:43:06.818Z] Command:       C:\Program Files\nodejs\node.exe C:\Users\razikul-joni\AppData\Roaming\npm\node_modules\firebase-tools\lib\bin\firebase.js init
[debug] [2022-08-04T12:43:06.819Z] CLI Version:   11.2.0
[debug] [2022-08-04T12:43:06.819Z] Platform:      win32
[debug] [2022-08-04T12:43:06.819Z] Node Version:  v16.13.0
[debug] [2022-08-04T12:43:06.820Z] Time:          Thu Aug 04 2022 18:43:06 GMT+0600 (Bangladesh Standard Time)
[debug] [2022-08-04T12:43:06.820Z] ----------------------------------------------------------------------
[debug] 
[debug] [2022-08-04T12:43:06.823Z] >>> [apiv2][query] GET https://firebase-public.firebaseio.com/cli.json [none]
[debug] [2022-08-04T12:43:06.844Z] > command requires scopes: ["email","openid","https://www.googleapis.com/auth/cloudplatformprojects.readonly","https://www.googleapis.com/auth/firebase","https://www.googleapis.com/auth/cloud-platform"]
[debug] [2022-08-04T12:43:06.845Z] > authorizing via signed-in user (mdrazikulislamjoni@gmail.com)
[info] 
     ######## #### ########  ######## ########     ###     ######  ########
     ##        ##  ##     ## ##       ##     ##  ##   ##  ##       ##
     ######    ##  ########  ######   ########  #########  ######  ######
     ##        ##  ##    ##  ##       ##     ## ##     ##       ## ##
     ##       #### ##     ## ######## ########  ##     ##  ######  ########

You're about to initialize a Firebase project in this directory:

  E:\Programming Hero Reset\Practise\doctors-portal\client

[debug] [2022-08-04T12:43:07.604Z] <<< [apiv2][status] GET https://firebase-public.firebaseio.com/cli.json 200
[debug] [2022-08-04T12:43:07.605Z] <<< [apiv2][body] GET https://firebase-public.firebaseio.com/cli.json {"cloudBuildErrorAfter":1594252800000,"cloudBuildWarnAfter":1590019200000,"defaultNode10After":1594252800000,"minVersion":"3.0.5","node8DeploysDisabledAfter":1613390400000,"node8RuntimeDisabledAfter":1615809600000,"node8WarnAfter":1600128000000}
[info] 
=== Project Setup
[info] 
[info] First, let's associate this project directory with a Firebase project.
[info] You can create multiple project aliases by running firebase use --add, 
[info] but for now we'll just set up a default project.
[info] 
[debug] [2022-08-04T12:43:25.692Z] > refreshing access token with scopes: []
[debug] [2022-08-04T12:43:25.693Z] >>> [apiv2][query] POST https://www.googleapis.com/oauth2/v3/token [none]
[debug] [2022-08-04T12:43:25.693Z] >>> [apiv2][body] POST https://www.googleapis.com/oauth2/v3/token [omitted]
[debug] [2022-08-04T12:43:26.051Z] <<< [apiv2][status] POST https://www.googleapis.com/oauth2/v3/token 200
[debug] [2022-08-04T12:43:26.051Z] <<< [apiv2][body] POST https://www.googleapis.com/oauth2/v3/token [omitted]
[debug] [2022-08-04T12:43:26.067Z] >>> [apiv2][query] GET https://firebase.googleapis.com/v1beta1/projects pageSize=100
[debug] [2022-08-04T12:43:27.068Z] <<< [apiv2][status] GET https://firebase.googleapis.com/v1beta1/projects 200
[debug] [2022-08-04T12:43:27.068Z] <<< [apiv2][body] GET https://firebase.googleapis.com/v1beta1/projects [omitted]
